<?xml version="1.0" encoding="UTF-8"?>
<!-- Generated by org.testng.reporters.JUnitXMLReporter -->
<testsuite hostname="Ankit" ignored="0" name="Test" tests="1" failures="0" timestamp="27 Dec 2019 09:12:35 GMT" time="508.483" errors="0">
  <testcase name="validateCreateCustomerAPIWiithInValidAuthKey" time="0.0" classname="com.vitamojo.Demo_API_RestAssured.TestCases.ValidateCreateCustomerAPI">
    <skipped/>
  </testcase> <!-- validateCreateCustomerAPIWiithInValidAuthKey -->
</testsuite> <!-- Test -->
